Build started 10/19/2012 10:51:18 PM.
     1>Project "C:\Users\Jared\src\fragcastle\bubasharp\src\BuBaSharp.Core.sln" on node 1 (default targets).
     1>ValidateSolutionConfiguration:
         Building solution configuration "debug|Any CPU".
     1>Project "C:\Users\Jared\src\fragcastle\bubasharp\src\BuBaSharp.Core.sln" (1) is building "C:\Users\Jared\src\fragcastle\bubasharp\src\BuBaSharp.Core\BuBaSharp.Core.csproj" (2) on node 1 (default targets).
     2>GenerateTargetFrameworkMonikerAttribute:
       Skipping target "GenerateTargetFrameworkMonikerAttribute" because all output files are up-to-date with respect to the input files.
       CoreCompile:
       Skipping target "CoreCompile" because all output files are up-to-date with respect to the input files.
       CopyFilesToOutputDirectory:
         BuBaSharp.Core -> C:\Users\Jared\src\fragcastle\bubasharp\src\BuBaSharp.Core\bin\Debug\BuBaSharp.Core.dll
     2>Done Building Project "C:\Users\Jared\src\fragcastle\bubasharp\src\BuBaSharp.Core\BuBaSharp.Core.csproj" (default targets).
     1>Project "C:\Users\Jared\src\fragcastle\bubasharp\src\BuBaSharp.Core.sln" (1) is building "C:\Users\Jared\src\fragcastle\bubasharp\src\BuBa.Core.Tests\BuBa.Core.Tests.csproj" (3) on node 2 (default targets).
     3>RestorePackages:
         "C:\Users\Jared\src\fragcastle\bubasharp\src\.nuget\nuget.exe" install "C:\Users\Jared\src\fragcastle\bubasharp\src\BuBa.Core.Tests\packages.config" -source ""  -RequireConsent -solutionDir "C:\Users\Jared\src\fragcastle\bubasharp\src\ "
         All packages listed in packages.config are already installed.
       GenerateTargetFrameworkMonikerAttribute:
       Skipping target "GenerateTargetFrameworkMonikerAttribute" because all output files are up-to-date with respect to the input files.
       CoreCompile:
       Skipping target "CoreCompile" because all output files are up-to-date with respect to the input files.
       CopyFilesToOutputDirectory:
         BuBa.Core.Tests -> C:\Users\Jared\src\fragcastle\bubasharp\src\BuBa.Core.Tests\bin\Debug\BuBa.Core.Tests.dll
     3>Done Building Project "C:\Users\Jared\src\fragcastle\bubasharp\src\BuBa.Core.Tests\BuBa.Core.Tests.csproj" (default targets).
     1>Done Building Project "C:\Users\Jared\src\fragcastle\bubasharp\src\BuBaSharp.Core.sln" (default targets).

Build succeeded.
    0 Warning(s)
    0 Error(s)

Time Elapsed 00:00:00.45
